*
* Visual Studio Code Server
*
* By using the software, you agree to
* the Visual Studio Code Server License Terms (https://aka.ms/vscode-server-license) and
* the Microsoft Privacy Statement (https://privacy.microsoft.com/en-US/privacystatement).
*
Server bound to 127.0.0.1:39151 (IPv4)
Extension host agent listening on 39151

[21:53:39] Extension host agent started.
[21:53:43] [127.0.0.1][b48c2332][ManagementConnection] New connection established.
[21:53:44] [127.0.0.1][07f4987e][ExtensionHostConnection] New connection established.
[21:53:44] [127.0.0.1][07f4987e][ExtensionHostConnection] <1787> Launched Extension Host Process.
[21:53:59] [127.0.0.1][b48c2332][ManagementConnection] The client has disconnected gracefully, so the connection will be disposed.
[21:53:59] [127.0.0.1][07f4987e][ExtensionHostConnection] <1787> Extension Host Process exited with code: 0, signal: null.
Last EH closed, waiting before shutting down
[21:53:59] Last EH closed, waiting before shutting down
Got delay-shutdown request while in shutdown timeout, delaying
[21:54:39] Got delay-shutdown request while in shutdown timeout, delaying
Cancelling previous shutdown timeout
[21:54:39] Cancelling previous shutdown timeout
[21:54:41] [127.0.0.1][b5b465c2][ManagementConnection] New connection established.
[21:54:41] [127.0.0.1][2436a519][ExtensionHostConnection] New connection established.
[21:54:41] [127.0.0.1][2436a519][ExtensionHostConnection] <1926> Launched Extension Host Process.
[IPC Library: Pty Host]  WARN Shell integration cannot be enabled for executable "/bin/sh" and args [
  '-c',
  'ln -f -s "/tmp/ssh-DLxpGk1SfO/agent.1873" "/run/user/1000/vscode-ssh-auth-sock-797555075"\n' +
    'exit 0'
]
[IPC Library: Pty Host]  WARN Shell integration cannot be enabled for executable "/bin/sh" and args [
  '-c',
  'wget --version > /dev/null\n' +
    'if [ $? -eq 0 ]\n' +
    'then\n' +
    "\twget --connect-timeout=7 --tries=1 --dns-timeout=7 -q --header='Metadata:true' -O - http://169.254.169.254/metadata/instance?api-version=2019-03-11\n" +
    'else\n' +
    '\tcurl --version > /dev/null\n' +
    '\tif [ $? -eq 0 ]\n' +
    '\tthen\n' +
    "\t\tcurl --connect-timeout 7 -s --header='Metadata:true' http://169.254.169.254/metadata/instance?api-version=2019-03-11\n" +
    '\tfi\n' +
    'fi\n' +
    'exit 0'
]
[IPC Library: Pty Host]  WARN Shell integration cannot be enabled for executable "/bin/sh" and args [
  '-c',
  'wget --version > /dev/null\n' +
    'if [ $? -eq 0 ]\n' +
    'then\n' +
    '\twget --connect-timeout=7 --tries=1 --dns-timeout=7 -q  -O - http://169.254.169.254/latest/meta-data/instance-id\n' +
    'else\n' +
    '\tcurl --version > /dev/null\n' +
    '\tif [ $? -eq 0 ]\n' +
    '\tthen\n' +
    '\t\tcurl --connect-timeout 7 -s  http://169.254.169.254/latest/meta-data/instance-id\n' +
    '\tfi\n' +
    'fi\n' +
    'exit 0'
]
[IPC Library: Pty Host]  WARN Shell integration cannot be enabled for executable "/bin/sh" and args [
  '-c',
  'wget --version > /dev/null\n' +
    'if [ $? -eq 0 ]\n' +
    'then\n' +
    '\twget --connect-timeout=7 --tries=1 --dns-timeout=7 -q  -O - http://169.254.169.254/metadata/v1/id\n' +
    'else\n' +
    '\tcurl --version > /dev/null\n' +
    '\tif [ $? -eq 0 ]\n' +
    '\tthen\n' +
    '\t\tcurl --connect-timeout 7 -s  http://169.254.169.254/metadata/v1/id\n' +
    '\tfi\n' +
    'fi\n' +
    'exit 0'
]
[IPC Library: Pty Host]  WARN Shell integration cannot be enabled for executable "/bin/sh" and args [
  '-c',
  'wget --version > /dev/null\n' +
    'if [ $? -eq 0 ]\n' +
    'then\n' +
    "\twget --connect-timeout=7 --tries=1 --dns-timeout=7 -q --header='Metadata-Flavor:Google' -O - http://metadata.google.internal/computeMetadata/v1/instance/id\n" +
    'else\n' +
    '\tcurl --version > /dev/null\n' +
    '\tif [ $? -eq 0 ]\n' +
    '\tthen\n' +
    "\t\tcurl --connect-timeout 7 -s --header='Metadata-Flavor:Google' http://metadata.google.internal/computeMetadata/v1/instance/id\n" +
    '\tfi\n' +
    'fi\n' +
    'exit 0'
]
rejected promise not handled within 1 second: CodeExpectedError: Could not find pty on pty host
stack trace: CodeExpectedError: Could not find pty on pty host
    at d._throwIfNoPty (/home/ubuntu/.vscode-server/bin/6261075646f055b99068d3688932416f2346dd3b/out/vs/platform/terminal/node/ptyHostMain.js:27:7199)
    at d.updateIcon (/home/ubuntu/.vscode-server/bin/6261075646f055b99068d3688932416f2346dd3b/out/vs/platform/terminal/node/ptyHostMain.js:27:2993)
    at Object.call (/home/ubuntu/.vscode-server/bin/6261075646f055b99068d3688932416f2346dd3b/out/vs/platform/terminal/node/ptyHostMain.js:17:5858)
    at s.onPromise (/home/ubuntu/.vscode-server/bin/6261075646f055b99068d3688932416f2346dd3b/out/vs/platform/terminal/node/ptyHostMain.js:15:5833)
    at s.onRawMessage (/home/ubuntu/.vscode-server/bin/6261075646f055b99068d3688932416f2346dd3b/out/vs/platform/terminal/node/ptyHostMain.js:15:5216)
    at /home/ubuntu/.vscode-server/bin/6261075646f055b99068d3688932416f2346dd3b/out/vs/platform/terminal/node/ptyHostMain.js:15:4502
    at r.invoke (/home/ubuntu/.vscode-server/bin/6261075646f055b99068d3688932416f2346dd3b/out/vs/platform/terminal/node/ptyHostMain.js:11:145)
    at P.deliver (/home/ubuntu/.vscode-server/bin/6261075646f055b99068d3688932416f2346dd3b/out/vs/platform/terminal/node/ptyHostMain.js:11:2275)
    at w.fire (/home/ubuntu/.vscode-server/bin/6261075646f055b99068d3688932416f2346dd3b/out/vs/platform/terminal/node/ptyHostMain.js:11:1853)
    at process.M (/home/ubuntu/.vscode-server/bin/6261075646f055b99068d3688932416f2346dd3b/out/vs/platform/terminal/node/ptyHostMain.js:9:21066)
    at process.emit (node:events:526:28)
    at emit (node:internal/child_process:938:14)
    at processTicksAndRejections (node:internal/process/task_queues:84:21)
[21:55:00] Error [CodeExpectedError]: Could not find pty on pty host
    at d._throwIfNoPty (/home/ubuntu/.vscode-server/bin/6261075646f055b99068d3688932416f2346dd3b/out/vs/platform/terminal/node/ptyHostMain.js:27:7199)
    at d.updateIcon (/home/ubuntu/.vscode-server/bin/6261075646f055b99068d3688932416f2346dd3b/out/vs/platform/terminal/node/ptyHostMain.js:27:2993)
    at Object.call (/home/ubuntu/.vscode-server/bin/6261075646f055b99068d3688932416f2346dd3b/out/vs/platform/terminal/node/ptyHostMain.js:17:5858)
    at s.onPromise (/home/ubuntu/.vscode-server/bin/6261075646f055b99068d3688932416f2346dd3b/out/vs/platform/terminal/node/ptyHostMain.js:15:5833)
    at s.onRawMessage (/home/ubuntu/.vscode-server/bin/6261075646f055b99068d3688932416f2346dd3b/out/vs/platform/terminal/node/ptyHostMain.js:15:5216)
    at /home/ubuntu/.vscode-server/bin/6261075646f055b99068d3688932416f2346dd3b/out/vs/platform/terminal/node/ptyHostMain.js:15:4502
    at r.invoke (/home/ubuntu/.vscode-server/bin/6261075646f055b99068d3688932416f2346dd3b/out/vs/platform/terminal/node/ptyHostMain.js:11:145)
    at P.deliver (/home/ubuntu/.vscode-server/bin/6261075646f055b99068d3688932416f2346dd3b/out/vs/platform/terminal/node/ptyHostMain.js:11:2275)
    at w.fire (/home/ubuntu/.vscode-server/bin/6261075646f055b99068d3688932416f2346dd3b/out/vs/platform/terminal/node/ptyHostMain.js:11:1853)
    at process.M (/home/ubuntu/.vscode-server/bin/6261075646f055b99068d3688932416f2346dd3b/out/vs/platform/terminal/node/ptyHostMain.js:9:21066)
    at process.emit (node:events:526:28)
    at emit (node:internal/child_process:938:14)
    at processTicksAndRejections (node:internal/process/task_queues:84:21)
[21:55:06] [127.0.0.1][b5b465c2][ManagementConnection] The client has disconnected gracefully, so the connection will be disposed.
[21:55:06] [127.0.0.1][2436a519][ExtensionHostConnection] <1926> Extension Host Process exited with code: 0, signal: null.
Cancelling previous shutdown timeout
[21:55:06] Cancelling previous shutdown timeout
Last EH closed, waiting before shutting down
[21:55:06] Last EH closed, waiting before shutting down
Got delay-shutdown request while in shutdown timeout, delaying
[21:57:42] Got delay-shutdown request while in shutdown timeout, delaying
Cancelling previous shutdown timeout
[21:57:42] Cancelling previous shutdown timeout
[21:57:43] [127.0.0.1][f9f48974][ManagementConnection] New connection established.
[21:57:44] [127.0.0.1][518b3044][ExtensionHostConnection] New connection established.
[21:57:44] [127.0.0.1][518b3044][ExtensionHostConnection] <2111> Launched Extension Host Process.
[IPC Library: Pty Host]  WARN Shell integration cannot be enabled for executable "/bin/sh" and args [
  '-c',
  'ln -f -s "/tmp/ssh-vNI2stb3lC/agent.2058" "/run/user/1000/vscode-ssh-auth-sock-22129669"\n' +
    'exit 0'
]
[IPC Library: Pty Host]  WARN Shell integration cannot be enabled for executable "/bin/sh" and args [
  '-c',
  'wget --version > /dev/null\n' +
    'if [ $? -eq 0 ]\n' +
    'then\n' +
    "\twget --connect-timeout=7 --tries=1 --dns-timeout=7 -q --header='Metadata:true' -O - http://169.254.169.254/metadata/instance?api-version=2019-03-11\n" +
    'else\n' +
    '\tcurl --version > /dev/null\n' +
    '\tif [ $? -eq 0 ]\n' +
    '\tthen\n' +
    "\t\tcurl --connect-timeout 7 -s --header='Metadata:true' http://169.254.169.254/metadata/instance?api-version=2019-03-11\n" +
    '\tfi\n' +
    'fi\n' +
    'exit 0'
]
[IPC Library: Pty Host]  WARN Shell integration cannot be enabled for executable "/bin/sh" and args [
  '-c',
  'wget --version > /dev/null\n' +
    'if [ $? -eq 0 ]\n' +
    'then\n' +
    '\twget --connect-timeout=7 --tries=1 --dns-timeout=7 -q  -O - http://169.254.169.254/latest/meta-data/instance-id\n' +
    'else\n' +
    '\tcurl --version > /dev/null\n' +
    '\tif [ $? -eq 0 ]\n' +
    '\tthen\n' +
    '\t\tcurl --connect-timeout 7 -s  http://169.254.169.254/latest/meta-data/instance-id\n' +
    '\tfi\n' +
    'fi\n' +
    'exit 0'
]
[IPC Library: Pty Host]  WARN Shell integration cannot be enabled for executable "/bin/sh" and args [
  '-c',
  'wget --version > /dev/null\n' +
    'if [ $? -eq 0 ]\n' +
    'then\n' +
    '\twget --connect-timeout=7 --tries=1 --dns-timeout=7 -q  -O - http://169.254.169.254/metadata/v1/id\n' +
    'else\n' +
    '\tcurl --version > /dev/null\n' +
    '\tif [ $? -eq 0 ]\n' +
    '\tthen\n' +
    '\t\tcurl --connect-timeout 7 -s  http://169.254.169.254/metadata/v1/id\n' +
    '\tfi\n' +
    'fi\n' +
    'exit 0'
]
[IPC Library: Pty Host]  WARN Shell integration cannot be enabled for executable "/bin/sh" and args [
  '-c',
  'wget --version > /dev/null\n' +
    'if [ $? -eq 0 ]\n' +
    'then\n' +
    "\twget --connect-timeout=7 --tries=1 --dns-timeout=7 -q --header='Metadata-Flavor:Google' -O - http://metadata.google.internal/computeMetadata/v1/instance/id\n" +
    'else\n' +
    '\tcurl --version > /dev/null\n' +
    '\tif [ $? -eq 0 ]\n' +
    '\tthen\n' +
    "\t\tcurl --connect-timeout 7 -s --header='Metadata-Flavor:Google' http://metadata.google.internal/computeMetadata/v1/instance/id\n" +
    '\tfi\n' +
    'fi\n' +
    'exit 0'
]
New EH opened, aborting shutdown
[22:02:42] New EH opened, aborting shutdown
[22:42:11] [127.0.0.1][f9f48974][ManagementConnection] The client has disconnected gracefully, so the connection will be disposed.
[22:42:11] [127.0.0.1][518b3044][ExtensionHostConnection] <2111> Extension Host Process exited with code: 0, signal: null.
Last EH closed, waiting before shutting down
[22:42:11] Last EH closed, waiting before shutting down
Last EH closed, shutting down
[22:47:11] Last EH closed, shutting down
